[2025-03-07 21:48:26] [DEBUG   ] __main__: [Started Logger]
[2025-03-07 21:48:26] [INFO    ] __main__: Checking versions...
[2025-03-07 21:48:26] [INFO    ] __main__: Local version (0.0D) matches online version.
[2025-03-07 21:48:26] [INFO    ] __main__: Setting Up Intents
[2025-03-07 21:48:26] [INFO    ] __main__: Setting Up Config
[2025-03-07 21:48:26] [INFO    ] __main__: Setting Up Prefix And Bot Const
[2025-03-07 21:48:26] [INFO    ] __main__: Registering Commands Dynamically
[2025-03-07 21:48:26] [DEBUG   ] __main__: Pre-registering events.py...
[2025-03-07 21:48:26] [DEBUG   ] __main__: Skipping __pycache__ as it is not a .py file (.py expected)
[2025-03-07 21:48:26] [DEBUG   ] __main__: Pre-registering admin.py...
[2025-03-07 21:48:26] [DEBUG   ] __main__: Pre-registering afksystem.py...
[2025-03-07 21:48:26] [DEBUG   ] __main__: Pre-registering bothelp.py...
[2025-03-07 21:48:26] [DEBUG   ] __main__: Pre-registering debug.py...
[2025-03-07 21:48:26] [DEBUG   ] __main__: Skipping deprecated_cogs as it is not a .py file (.py expected)
[2025-03-07 21:48:26] [DEBUG   ] __main__: Pre-registering moderation.py...
[2025-03-07 21:48:26] [DEBUG   ] __main__: Pre-registering privatevccontrol.py...
[2025-03-07 21:48:26] [DEBUG   ] __main__: Pre-registering rbxclothing.py...
[2025-03-07 21:48:26] [DEBUG   ] __main__: Pre-registering test.py...
[2025-03-07 21:48:26] [DEBUG   ] __main__: Pre-registering tickets.py...
[2025-03-07 21:48:26] [DEBUG   ] __main__: Skipping __pycache__ as it is not a .py file (.py expected)
[2025-03-07 21:48:26] [CRITICAL] __main__: Errors occurred during registration. Exiting...
